299
22000000000000000000000000000000000000000000000000000000000000000000000000000000000000000000000000000000000000000000000000000000000000000000000000000111111111111111111111111111111100000000000000000000
02200000000000000000000000000000000000000000000000000000000000000000000000000000000000000000000000000000000000000000000000000000000000000000000000000111111111111111111111111111111100000000000000000000
00220000000000000000000000000000000000000000000000000000000000000000000000000000000000000000000000000000000000000000000000000000000000000000000000000111111111111111111111111111111100000000000000000000
00022000000000000000000000000000000000000000000000000000000000000000000000000000000000000000000000000000000000000000000000000000000000000000000000000111111111111111111111111111111100000000000000000000
00002222222222222222222222222222222222222222222222220000000000000000000000000000000000000000000000000000000000000000000000000000000000000000000000000111111111111111111111111111111100000000000000000000
00000000000000000000000000000000000000000000000000022200000000000000000000000000000000000000000000000000000000000000000000000000000000000000000000000111111111111111111111111111111100000000000000000000
00000000000000000000000000000000000000000000000000000222000000000000000000000000000000000000000000000000000000000000000000000000000000000000000000000111111111111111111111111111111100000000000000000000
00000000000000000000000000000000000000000000000000000002220000000000000000000000000000000000000000000000000000000000000000000000000000000000000000000111111111111111111111111111111100000000000000000000
00000000000000000000000000000000000000000000000000000000022200000000000000000000000000000000000000000000000000000000000000000000000000000000000000000111111111111111111111111111111100000000000000000000
11111111111111111111111111111111111111111111111111000000000200000000000000000000000000000000000000000000000000000000000000000000000000000000000000000111111111111111111111111111111100000000000000000000
11111111111111111111111111111111111111111111111111000000000200000000000000000000000000000000000000000000000000000000000000000000000000000000000000000111111111111111111111111111111100000000000000000000
11111111111111111111111111111111111111111111111111000000000200000000000000000000000000000000000000000000000000000000000000000000000000000000000000000111111111111111111111111111111100000000000000000000
11111111111111111111111111111111111111111111111111000000000200000000000000000000000000000000000000000000000000000000000000000000000000000000000000000111111111111111111111111111111100000000000000000000
11111111111111111111111111111111111111111111111111000000000200000000000000000000000000000000000000000000000000000000000000000000000000000000000000000111111111111111111111111111111100000000000000000000
11111111111111111111111111111111111111111111111111000000000200000000000000000000000000000000000000000000000000000000000000000000000000000000000000000111111111111111111111111111111100000000000000000000
11111111111111111111111111111111111111111111111111000000000200000000000000000000000000000000000000000000000000000000000000000000000000000000000000000111111111111111111111111111111100000000000000000000
11111111111111111111111111111111111111111111111111000000000200000000000000000000000000000000000000000000000000000000000000000000000000000000000000000111111111111111111111111111111100000000000000000000
11111111111111111111111111111111111111111111111111000000000200000000000000000000000000000000000000000000000000000000000000000000000000000000000000000111111111111111111111111111111100000000000000000000
11111111111111111111111111111111111111111111111111000000000200000000000000000000000000000000000000000000000000000000000000000000000000000000000000000111111111111111111111111111111100000000000000000000
11111111111111111111111111111111111111111111111111000000000200000000000000000000000000000000000000000000000000000000000000000000000000000000000000000111111111111111111111111111111100000000000000000000
11111111111111111111111111111111111111111111111111000000000200000000000000000000000000000000000000000000000000000000000000000000000000000000000000000111111111111111111111111111111100000000000000000000
11111111111111111111111111111111111111111111111111000000000200000000000000000000000000000000000000000000000000000000000000000000000000000000000000000111111111111111111111111111111100000000000000000000
11111111111111111111111111111111111111111111111111000000000200000000000000000000000000000000000000000000000000000000000000000000000000000000000000000111111111111111111111111111111100000000000000000000
11111111111111111111111111111111111111111111111111000000000200000000000000000000000000000000000000000000000000000000000000000000000000000000000000000111111111111111111111111111111100000000000000000000
11111111111111111111111111111111111111111111111111000000000200000000000000000000000000000000000000000000000000000000000000000000000000000000000000000111111111111111111111111111111100000000000000000000
11111111111111111111111111111111111111111111111111000000000200000000000000000000000000000000000000000000000000000000000000000000000000000000000000000111111111111111111111111111111100000000000000000000
11111111111111111111111111111111111111111111111111000000000200000000000000000000000000000000000000000000000000000000000000000000000000000000000000000111111111111111111111111111111100000000000000000000
11111111111111111111111111111111111111111111111111000000000200000000000000000000000000000000000000000000000000000000000000000000000000000000000000000111111111111111111111111111111100000000000000000000
11111111111111111111111111111111111111111111111111000000000200000000000000000000000000000000000000000000000000000000000000000000000000000000000000000111111111111111111111111111111100000000000000000000
11111111111111111111111111111111111111111111111111000000000200000000011111111111111111111111111111111111111111111111111111111111110000000000000000000111111111111111111111111111111100000000000000000000
00000000000000000000000000000000000000000000000000000000000200000000011111111111111111111111111111111111111111111111111111111111110000000000000000000111111111111111111111111111111100000000000000000000
00000000000000000000000000000000000000000000000000000000000200000000011111111111111111111111111111111111111111111111111111111111110000000000000000000111111111111111111111111111111100000000000000000000
00000000000000000000000000000000000000000000000000000000000200000000011111111111111111111111111111111111111111111111111111111111110000000000000000000111111111111111111111111111111100000000000000000000
00000000000000000000000000000000000000000000000000000000000200000000011111111111111111111111111111111111111111111111111111111111110000000000000000000111111111111111111111111111111100000000000000000000
00000000000000000000000000000000000000000000000000000000000200000000011111111111111111111111111111111111111111111111111111111111110000000000000000000111111111111111111111111111111100000000000000000000
00000000000000000000000000000000000000000000000000000000000200000000011111111111111111111111111111111111111111111111111111111111110000000000000000000111111111111111111111111111111100000000000000000000
00000000000000000000000000000000000000000000000000000000000200000000011111111111111111111111111111111111111111111111111111111111110000000000000000000111111111111111111111111111111100000000000000000000
00000000000000000000000000000000000000000000000000000000000200000000011111111111111111111111111111111111111111111111111111111111110000000000000000000111111111111111111111111111111100000000000000000000
00000000000000000000000000000000000000000000000000000000000200000000011111111111111111111111111111111111111111111111111111111111110000000000000000000111111111111111111111111111111100000000000000000000
00000000000000000000000000000000000000000000000000000000000200000000011111111111111111111111111111111111111111111111111111111111110000000000000000000111111111111111111111111111111100000000000000000000
00000000000000000000000000000000000000000000000000000000000200000000000000000000000000000000000000000000000000000000000000000000000000000000000000000111111111111111111111111111111100000000000000000000
00000000000000000000000000000000000000000000000000000000000200000000000000000000000000000000000000000000000000000000000000000000000000000000000000000111111111111111111111111111111100000000000000000000
00000000000000000000000000000000000000000000000000000000000200000000000000000000000000000000000000000000000000000000000000000000000000000000000000000111111111111111111111111111111100000000000000000000
00000000000000000000000000000000000000000000000000000000000200000000000000000000000000000000000000000000000000000000000000000000000000000000000000000111111111111111111111111111111100000000000000000000
00000000000000000000000000000000000000000000000000000000000220000000000000000000000000000000000000000000000000000000000000000000000000000000000000000111111111111111111111111111111100000000000000000000
00000000000000000000000000000000000000000000000000000000000022000000000000000000000000000000000000000000000000000000000000000000000000000000000000000111111111111111111111111111111100000000000000000000
00000000000000000000000000000000000000000000000000000000000002200000000000000000000000000000000000000000000000000000000000000000000000000000000000000111111111111111111111111111111100000000000000000000
00000000000000000000000000000000000000000000000000000000000000220000000000000000000000000000000000000000000000000000000000000000000000000000000000000111111111111111111111111111111100000000000000000000
00000000000000000000000000000000000000000000000000000000000000022000000000000000000000000000000000000000000000000000000000000000000000000000000000000111111111111111111111111111111100000000000000000000
00000000000000000001111111111111111111111111111111000000000000002000000000000000000000000000000000000000000000000000000000000000000000000000000000000111111111111111111111111111111100000000000000000000
00000000000000000001111111111111111111111111111111000000000000002000000000000000000000000000000000000000000000000000000000000000000000000000000000000000000000000000000000000000000000000000000000000000
00000000000000000001111111111111111111111111111111000000000000002000000000000000000000000000000000000000000000000000000000000000000000000000000000000000000000000000000000000000000000000000000000000000
00000000000000000001111111111111111111111111111111000000000000002000000000000000000000000000000000000000000000000000000000000000000000000000000000000000000000000000000000000000000000000000000000000000
00000000000000000001111111111111111111111111111111000000000000002000000000000000000000000000000000000000000000000000000000000000000000000000000000000000000000000000000000000000000000000000000000000000
00000000000000000001111111111111111111111111111111000000000000002000000000000000000000000000000000000000000000000000000000000000000000000000000000000000000000000000000000000000000000000000000000000000
00000000000000000001111111111111111111111111111111000000000000002000000000000000000000000000000000000000000000000000000000000000000000000000000000000000000000000000000000000000000000000000000000000000
00000000000000000001111111111111111111111111111111000000000000002000000000000000000000000000000000000000000000000000000000000000000000000000000000000000000000000000000000000000000000000000000000000000
00000000000000000001111111111111111111111111111111000000000000002000000000000000000000000000000000000000000000000000000000000000000000000000000000000000000000000000000000000000000000000000000000000000
00000000000000000001111111111111111111111111111111000000000000002000000000000000000000000000000000000000000000000000000000000000000000000000000000000000000000000000000000000000000000000000000000000000
00000000000000000001111111111111111111111111111111000000000000002000000000000001111111111111111111111111111111111111111111111111110000000000000000000000000000000000000000000000000000000000000000000000
00000000000000000001111111111111111111111111111111000000000000002000000000000001111111111111111111111111111111111111111111111111110000000000000000000000000000000000000000000000000000000000000000000000
00000000000000000001111111111111111111111111111111000000000000002000000000000001111111111111111111111111111111111111111111111111110000000000000000000000000000000000000000000000000000000000000000000000
00000000000000000001111111111111111111111111111111000000000000002000000000000001111111111111111111111111111111111111111111111111110000000000000000000000000000000000000000000000000000000000000000000000
00000000000000000001111111111111111111111111111111000000000000002000000000000001111111111111111111111111111111111111111111111111110000000000000000000000000000000000000000000000000000000000000000000000
00000000000000000001111111111111111111111111111111000000000000002000000000000001111111111111111111111111111111111111111111111111110000000000000000000000000000000000000000000000000000000000000000000000
00000000000000000001111111111111111111111111111111000000000000002000000000000001111111111111111111111111111111111111111111111111110000000000000000000000000000000000000000000000000000000000000000000000
00000000000000000001111111111111111111111111111111000000000000002000000000000001111111111111111111111111111111111111111111111111110000000000000000000000000000000000000000000000000000000000000000000000
00000000000000000001111111111111111111111111111111000000000000002000000000000001111111111111111111111111111111111111111111111111110000000000000000000000000000000000000000000000000000000000000000000000
00000000000000000001111111111111111111111111111111000000000000002000000000000001111111111111111111111111111111111111111111111111110000000000000000000000000000000000000000000000000000000000000000000000
00000000000000000001111111111111111111111111111111000000000000002000000000000001111111111111111111111111111111111111111111111111110000000000000000000111111111111111111111111111111111111111111111111111
00000000000000000001111111111111111111111111111111000000000000002200000000000000000000000000000000000000000000000000000000000000000000000000000000000111111111111111111111111111111111111111111111111111
00000000000000000001111111111111111111111111111111000000000000000200000000000000000000000000000000000000000000000000000000000000000000000000000000000111111111111111111111111111111111111111111111111111
00000000000000000001111111111111111111111111111111000000000000000220000000000000000000000000000000000000000000000000000000000000000000000000000000000111111111111111111111111111111111111111111111111111
00000000000000000001111111111111111111111111111111000000000000000020000000000000000000000000000000000000000000000000000000000000000000000000000000000111111111111111111111111111111111111111111111111111
00000000000000000001111111111111111111111111111111000000000000000022000000000000000000000000000000000000000000000000000000000000000000000000000000000111111111111111111111111111111111111111111111111111
00000000000000000001111111111111111111111111111111000000000000000002000000000000000000000000000000000000000000000000000000000000000000000000000000000111111111111111111111111111111111111111111111111111
00000000000000000001111111111111111111111111111111000000000000000002200000000000000000000000000000000000000000000000000000000000000000000000000000000111111111111111111111111111111111111111111111111111
00000000000000000001111111111111111111111111111111000000000000000000200000000000000000000000000000000000000000000000000000000000000000000000000000000111111111111111111111111111111111111111111111111111
00000000000000000001111111111111111111111111111111000000000000000000220000000000000000000000000000000000000000000000000000000000000000000000000000000111111111111111111111111111111111111111111111111111
00000000000000000001111111111111111111111111111111000000000000000000020000000000000000000000000000000000000000000000000000000000000000000000000000000111111111111111111111111111111111111111111111111111
00000000000000000001111111111111111111111111111111000000000000000000022200000000000000000000000000000000000000000000000000000000000000000000000000000111111111111111111111111111111111111111111111111111
00000000000000000001111111111111111111111111111111000000000000000000000222000000000000000000000000000000000000000000000000000000000000000000000000000111111111111111111111111111111111111111111111111111
00000000000000000001111111111111111111111111111111000000000000000000000002220000000000000000000000000000000000000000000000000000000000000000000000000111111111111111111111111111111111111111111111111111
00000000000000000001111111111111111111111111111111000000000000000000000000022200000000000000000000000000000000000000000000000000000000000000000000000111111111111111111111111111111111111111111111111111
00000000000000000001111111111111111111111111111111000000000000000000000000000222222222222222222222222222222222222222222222222222222222200000000000000111111111111111111111111111111111111111111111111111
00000000000000000001111111111111111111111111111111000000000000000000000000000000000000000000000000000000000000000000000000000000000000220000000000000111111111111111111111111111111111111111111111111111
00000000000000000001111111111111111111111111111111000000000000000000000000000000000000000000000000000000000000000000000000000000000000022000000000000111111111111111111111111111111111111111111111111111
00000000000000000001111111111111111111111111111111000000000000000000000000000000000000000000000000000000000000000000000000000000000000002200000000000111111111111111111111111111111111111111111111111111
00000000000000000001111111111111111111111111111111000000000000000000000000000000000000000000000000000000000000000000000000000000000000000220000000000111111111111111111111111111111111111111111111111111
00000000000000000001111111111111111111111111111111000000000000000000000000000000000000000000000000000000000000000000000000000000000000000022000000000111111111111111111111111111111111111111111111111111
00000000000000000001111111111111111111111111111111000000000000000000000000000000000000000000000000000000000000000000000000000000000000000002220000000000000000000000000000000000000000000000000000000000
00000000000000000001111111111111111111111111111111000000000000000000000000000000000000000000000000000000000000000000000000000000000000000000022200000000000000000000000000000000000000000000000000000000
00000000000000000001111111111111111111111111111111000000000000000000000000000000000000000000000000000000000000000000000000000000000000000000000222000000000000000000000000000000000000000000000000000000
00000000000000000001111111111111111111111111111111000000000000000000000000000000000000000000000000000000000000000000000000000000000000000000000002220000000000000000000000000000000000000000000000000000
00000000000000000001111111111111111111111111111111000000000000000000000000000000000000000000000000000000000000000000000000000000000000000000000000022222222222222222222222222222222222222222222222220000
00000000000000000001111111111111111111111111111111000000000000000000000000000000000000000000000000000000000000000000000000000000000000000000000000000000000000000000000000000000000000000000000000022000
00000000000000000001111111111111111111111111111111000000000000000000000000000000000000000000000000000000000000000000000000000000000000000000000000000000000000000000000000000000000000000000000000002200
00000000000000000001111111111111111111111111111111000000000000000000000000000000000000000000000000000000000000000000000000000000000000000000000000000000000000000000000000000000000000000000000000000220
00000000000000000001111111111111111111111111111111000000000000000000000000000000000000000000000000000000000000000000000000000000000000000000000000000000000000000000000000000000000000000000000000000022
00000000000000000001111111111111111111111111111111000000000000000000000000000000000000000000000000000000000000000000000000000000000000000000000000000000000000000000000000000000000000000000000000000002
1 1
5 5 This is new route.
6 52 This is new route.
10 60 This is new route.
45 61 This is new route.
49 65 This is new route.
71 66 This is new route.
81 71 This is new route.
82 72 This is new route.
85 78 This is new route.
86 135 This is new route.
91 140 This is new route.
95 148 This is new route.
96 196 This is new route.
100 200 This is new route.
5 5
17
